<?xml version="1.0" encoding="UTF-8"?>
<testsuite name="tests.LoginTest" tests="1" skipped="0" failures="0" errors="0" timestamp="2021-11-17T19:01:10" hostname="DESKTOP-LB14E35" time="5.791">
  <properties/>
  <testcase name="loginTest2" classname="tests.LoginTest" time="5.791"/>
  <system-out><![CDATA[21:01:00  INFO  tests.TestBase - Start test --> loginTest2
21:01:00  INFO  manager.MyListener - Start search element by locator-->By.xpath: //button[text()='Sign Out']
21:01:10  INFO  manager.MyListener - The element with locator--> By.xpath: //button[text()='Sign Out']was found
21:01:10  INFO  manager.MyListener - Start search element by locator-->By.xpath: //a[text()='LOGIN']
21:01:10  INFO  manager.MyListener - The element with locator--> By.xpath: //a[text()='LOGIN']was found
21:01:10  INFO  manager.MyListener - Click on element--->[[ChromeDriver: chrome on WINDOWS (c3451f5e8567d7939da049f9ccc346fd)] -> xpath: //a[text()='LOGIN']]
21:01:10  INFO  manager.MyListener - Start search element by locator-->By.xpath: //input[1]
21:01:10  INFO  manager.MyListener - The element with locator--> By.xpath: //input[1]was found
21:01:10  INFO  manager.MyListener - Click on element--->[[ChromeDriver: chrome on WINDOWS (c3451f5e8567d7939da049f9ccc346fd)] -> xpath: //input[1]]
21:01:11  INFO  manager.MyListener - Start search element by locator-->By.xpath: //input[2]
21:01:11  INFO  manager.MyListener - The element with locator--> By.xpath: //input[2]was found
21:01:11  INFO  manager.MyListener - Click on element--->[[ChromeDriver: chrome on WINDOWS (c3451f5e8567d7939da049f9ccc346fd)] -> xpath: //input[2]]
21:01:11  INFO  manager.MyListener - Start search element by locator-->By.xpath: //button[1]
21:01:11  INFO  manager.MyListener - The element with locator--> By.xpath: //button[1]was found
21:01:11  INFO  manager.MyListener - Click on element--->[[ChromeDriver: chrome on WINDOWS (c3451f5e8567d7939da049f9ccc346fd)] -> xpath: //button[1]]
21:01:16  INFO  manager.MyListener - Start search element by locator-->By.xpath: //button[text()='Sign Out']
21:01:16  INFO  manager.MyListener - The element with locator--> By.xpath: //button[text()='Sign Out']was found
21:01:16  INFO  tests.TestBase - ================================================================
]]></system-out>
  <system-err><![CDATA[]]></system-err>
</testsuite>
