<?xml version="1.0" encoding="UTF-8"?>
<testsuite name="tests.AddNewContactTest" tests="1" skipped="0" failures="0" errors="0" timestamp="2021-11-17T19:01:16" hostname="DESKTOP-LB14E35" time="2.315">
  <properties/>
  <testcase name="addNewContactTest" classname="tests.AddNewContactTest" time="2.315"/>
  <system-out><![CDATA[21:01:16  INFO  tests.TestBase - Start test --> addNewContactTest
21:01:16  INFO  manager.MyListener - Start search element by locator-->By.xpath: //button[text()='Sign Out']
21:01:16  INFO  manager.MyListener - The element with locator--> By.xpath: //button[text()='Sign Out']was found
21:01:16  INFO  manager.MyListener - Start search element by locator-->By.xpath: //a[.='ADD']
21:01:16  INFO  manager.MyListener - The element with locator--> By.xpath: //a[.='ADD']was found
21:01:16  INFO  manager.MyListener - Click on element--->[[ChromeDriver: chrome on WINDOWS (c3451f5e8567d7939da049f9ccc346fd)] -> xpath: //a[.='ADD']]
21:01:16  INFO  manager.MyListener - Start search element by locator-->By.cssSelector: [placeholder='Name']
21:01:16  INFO  manager.MyListener - The element with locator--> By.cssSelector: [placeholder='Name']was found
21:01:16  INFO  manager.MyListener - Click on element--->[[ChromeDriver: chrome on WINDOWS (c3451f5e8567d7939da049f9ccc346fd)] -> css selector: [placeholder='Name']]
21:01:16  INFO  manager.MyListener - Start search element by locator-->By.cssSelector: [placeholder='Last Name']
21:01:16  INFO  manager.MyListener - The element with locator--> By.cssSelector: [placeholder='Last Name']was found
21:01:16  INFO  manager.MyListener - Click on element--->[[ChromeDriver: chrome on WINDOWS (c3451f5e8567d7939da049f9ccc346fd)] -> css selector: [placeholder='Last Name']]
21:01:17  INFO  manager.MyListener - Start search element by locator-->By.cssSelector: [placeholder='Phone']
21:01:17  INFO  manager.MyListener - The element with locator--> By.cssSelector: [placeholder='Phone']was found
21:01:17  INFO  manager.MyListener - Click on element--->[[ChromeDriver: chrome on WINDOWS (c3451f5e8567d7939da049f9ccc346fd)] -> css selector: [placeholder='Phone']]
21:01:17  INFO  manager.MyListener - Start search element by locator-->By.cssSelector: [placeholder='email']
21:01:17  INFO  manager.MyListener - The element with locator--> By.cssSelector: [placeholder='email']was found
21:01:17  INFO  manager.MyListener - Click on element--->[[ChromeDriver: chrome on WINDOWS (c3451f5e8567d7939da049f9ccc346fd)] -> css selector: [placeholder='email']]
21:01:17  INFO  manager.MyListener - Start search element by locator-->By.cssSelector: [placeholder='Address']
21:01:17  INFO  manager.MyListener - The element with locator--> By.cssSelector: [placeholder='Address']was found
21:01:17  INFO  manager.MyListener - Click on element--->[[ChromeDriver: chrome on WINDOWS (c3451f5e8567d7939da049f9ccc346fd)] -> css selector: [placeholder='Address']]
21:01:17  INFO  manager.MyListener - Start search element by locator-->By.cssSelector: [placeholder='description']
21:01:17  INFO  manager.MyListener - The element with locator--> By.cssSelector: [placeholder='description']was found
21:01:17  INFO  manager.MyListener - Click on element--->[[ChromeDriver: chrome on WINDOWS (c3451f5e8567d7939da049f9ccc346fd)] -> css selector: [placeholder='description']]
21:01:17  INFO  manager.MyListener - Start search element by locator-->By.xpath: //button[.='Save']
21:01:17  INFO  manager.MyListener - The element with locator--> By.xpath: //button[.='Save']was found
21:01:17  INFO  manager.MyListener - Click on element--->[[ChromeDriver: chrome on WINDOWS (c3451f5e8567d7939da049f9ccc346fd)] -> xpath: //button[.='Save']]
21:01:17  INFO  manager.MyListener - Start search element by locator-->By.xpath: (//div[@class='contact-item_card__2SOIM'])
21:01:18  INFO  manager.MyListener - The element with locator--> By.xpath: (//div[@class='contact-item_card__2SOIM'])was found
21:01:18  INFO  manager.MyListener - Start search element by locator-->By.cssSelector: h3
21:01:18  INFO  manager.MyListener - The element with locator--> By.cssSelector: h3was found
21:01:18  INFO  tests.TestBase - ================================================================
]]></system-out>
  <system-err><![CDATA[]]></system-err>
</testsuite>
